<?xml version="1.0" encoding="UTF-8"?>
<robot generator="Robot 6.1.1 (Python 3.11.5 on darwin)" generated="20231124 17:32:48.639" rpa="false" schemaversion="4">
<suite id="s1" name="01-ValidarExtrato" source="/Users/thiagocarvalho/Documents/Automacao/treinamento_python/itauMobile/android/TestCases/01-ValidarExtrato.robot">
<test id="s1-t1" name="Cenario 01: Filtrar Lançamentos do Extrato Conta Corrente Mobile" line="15">
<kw name="Abrir Aplicativo" library="base" type="SETUP">
<kw name="Set Appium Timeout" library="AppiumLibrary">
<arg>20</arg>
<doc>Sets the timeout in seconds used by various keywords.</doc>
<status status="PASS" starttime="20231124 17:32:48.740" endtime="20231124 17:32:48.740"/>
</kw>
<kw name="Open Application" library="AppiumLibrary">
<arg>http://localhost:4723/wd/hub</arg>
<arg>automationName=uiAutomator2</arg>
<arg>platformName=Android</arg>
<arg>deviceName=0059001450</arg>
<arg>autoGrantPermissions=true</arg>
<arg>autoAcceptAlerts=true</arg>
<arg>noReset=true</arg>
<arg>fullReset=false</arg>
<arg>appPackage=com.itau</arg>
<arg>appActivity=br.com.itau.pf.ui.activity.SplashActivity</arg>
<arg>app=${EXECDIR}/app/app-itau.apk</arg>
<doc>Opens a new application to given Appium server.
Capabilities of appium server, Android and iOS,
Please check https://github.com/appium/appium/blob/master/docs/en/writing-running-appium/server-args.md
| *Option*            | *Man.* | *Description*     |
| remote_url          | Yes    | Appium server url |
| alias               | no     | alias             |
| strict_ssl          | No     | allows you to send commands to an invalid certificate host like a self-signed one. |</doc>
<kw name="Capture Page Screenshot" library="AppiumLibrary">
<doc>Takes a screenshot of the current page and embeds it into the log.</doc>
<msg timestamp="20231124 17:32:53.209" level="FAIL">No application is open</msg>
<status status="FAIL" starttime="20231124 17:32:53.209" endtime="20231124 17:32:53.215"/>
</kw>
<msg timestamp="20231124 17:32:53.223" level="WARN">Keyword 'Capture Page Screenshot' could not be run on failure: No application is open</msg>
<msg timestamp="20231124 17:32:53.223" level="FAIL">WebDriverException: Message: An unknown server-side error occurred while processing the command. Original error: Cannot start the 'com.itau' application. Visit https://github.com/appium/appium/blob/master/docs/en/writing-running-appium/android/activity-startup.md for troubleshooting. Original error: Cannot start the 'com.itau' application. Visit https://github.com/appium/appium/blob/master/docs/en/writing-running-appium/android/activity-startup.md for troubleshooting. Original error: Activity name '.br.com.itau.pf.ui.activity.SplashActivity' used to start the app doesn't exist or cannot be launched! Make sure it exists and is a launchable activity
Stacktrace:
UnknownError: An unknown server-side error occurred while processing the command. Original error: Cannot start the 'com.itau' application. Visit https://github.com/appium/appium/blob/master/docs/en/writing-running-appium/android/activity-startup.md for troubleshooting. Original error: Cannot start the 'com.itau' application. Visit https://github.com/appium/appium/blob/master/docs/en/writing-running-appium/android/activity-startup.md for troubleshooting. Original error: Activity name '.br.com.itau.pf.ui.activity.SplashActivity' used to start the app doesn't exist or cannot be launched! Make sure it exists and is a launchable activity
    at getResponseForW3CError (/Applications/AppiumServer.app/Contents/Resources/app/node_modules/appium/node_modules/appium-base-driver/lib/protocol/errors.js:804:9)
    at asyncHandler (/Applications/AppiumServer.app/Contents/Resources/app/node_modules/appium/node_modules/appium-base-driver/lib/protocol/protocol.js:380:37)</msg>
<status status="FAIL" starttime="20231124 17:32:48.740" endtime="20231124 17:32:53.224"/>
</kw>
<kw name="Acessar Minha Conta" library="01-LoginPA">
<status status="NOT RUN" starttime="20231124 17:32:53.225" endtime="20231124 17:32:53.225"/>
</kw>
<kw name="Selecionar Ambiente" library="01-LoginPA">
<status status="NOT RUN" starttime="20231124 17:32:53.225" endtime="20231124 17:32:53.225"/>
</kw>
<status status="FAIL" starttime="20231124 17:32:48.740" endtime="20231124 17:32:53.225"/>
</kw>
<kw name="Fechar Aplicativo" library="base" type="TEARDOWN">
<kw name="Capture Page Screenshot" library="AppiumLibrary">
<doc>Takes a screenshot of the current page and embeds it into the log.</doc>
<kw name="Capture Page Screenshot" library="AppiumLibrary">
<doc>Takes a screenshot of the current page and embeds it into the log.</doc>
<msg timestamp="20231124 17:32:53.226" level="FAIL">No application is open</msg>
<status status="FAIL" starttime="20231124 17:32:53.226" endtime="20231124 17:32:53.227"/>
</kw>
<msg timestamp="20231124 17:32:53.236" level="WARN">Keyword 'Capture Page Screenshot' could not be run on failure: No application is open</msg>
<msg timestamp="20231124 17:32:53.236" level="FAIL">No application is open</msg>
<status status="FAIL" starttime="20231124 17:32:53.226" endtime="20231124 17:32:53.237"/>
</kw>
<kw name="Close Application" library="AppiumLibrary">
<doc>Closes the current application and also close webdriver session.</doc>
<kw name="Capture Page Screenshot" library="AppiumLibrary">
<doc>Takes a screenshot of the current page and embeds it into the log.</doc>
<msg timestamp="20231124 17:32:53.237" level="FAIL">No application is open</msg>
<status status="FAIL" starttime="20231124 17:32:53.237" endtime="20231124 17:32:53.238"/>
</kw>
<msg timestamp="20231124 17:32:53.243" level="WARN">Keyword 'Capture Page Screenshot' could not be run on failure: No application is open</msg>
<msg timestamp="20231124 17:32:53.243" level="FAIL">No application is open</msg>
<status status="FAIL" starttime="20231124 17:32:53.237" endtime="20231124 17:32:53.243"/>
</kw>
<status status="FAIL" starttime="20231124 17:32:53.225" endtime="20231124 17:32:53.243">Several failures occurred:

1) No application is open

2) No application is open</status>
</kw>
<tag>cenario1</tag>
<status status="FAIL" starttime="20231124 17:32:48.740" endtime="20231124 17:32:53.243">Setup failed:
WebDriverException: Message: An unknown server-side error occurred while processing the command. Original error: Cannot start the 'com.itau' application. Visit https://github.com/appium/appium/blob/master/docs/en/writing-running-appium/android/activity-startup.md for troubleshooting. Original error: Cannot start the 'com.itau' application. Visit https://github.com/appium/appium/blob/master/docs/en/writing-running-appium/android/activity-startup.md for troubleshooting. Original error: Activity name '.br.com.itau.pf.ui.activity.SplashActivity' used to start the app doesn't exist or cannot be launched! Make sure it exists and is a launchable activity
Stacktrace:
UnknownError: An unknown server-side error occurred while processing the command. Original error: Cannot start the 'com.itau' application. Visit https://github.com/appium/appium/blob/master/docs/en/writing-running-appium/android/activity-startup.md for troubleshooting. Original error: Cannot start the 'com.itau' application. Visit https://github.com/appium/appium/blob/master/docs/en/writing-running-appium/android/activity-startup.md for troubleshooting. Original error: Activity name '.br.com.itau.pf.ui.activity.SplashActivity' used to start the app doesn't exist or cannot be launched! Make sure it exists and is a launchable activity
    at getResponseForW3CError (/Applications/AppiumServer.app/Contents/Resources/app/node_modules/appium/node_modules/appium-base-driver/lib/protocol/errors.js:804:9)
    at asyncHandler (/Applications/AppiumServer.app/Contents/Resources/app/node_modules/appium/node_modules/appium-base-driver/lib/protocol/protocol.js:380:37)

Also teardown failed:
Several failures occurred:

1) No application is open

2) No application is open</status>
</test>
<test id="s1-t2" name="Cenario 02: Detalhar e Categorizar Lançamentos de Conta Corrente" line="22">
<kw name="Abrir Aplicativo" library="base" type="SETUP">
<kw name="Set Appium Timeout" library="AppiumLibrary">
<arg>20</arg>
<doc>Sets the timeout in seconds used by various keywords.</doc>
<status status="PASS" starttime="20231124 17:32:53.244" endtime="20231124 17:32:53.244"/>
</kw>
<kw name="Open Application" library="AppiumLibrary">
<arg>http://localhost:4723/wd/hub</arg>
<arg>automationName=uiAutomator2</arg>
<arg>platformName=Android</arg>
<arg>deviceName=0059001450</arg>
<arg>autoGrantPermissions=true</arg>
<arg>autoAcceptAlerts=true</arg>
<arg>noReset=true</arg>
<arg>fullReset=false</arg>
<arg>appPackage=com.itau</arg>
<arg>appActivity=br.com.itau.pf.ui.activity.SplashActivity</arg>
<arg>app=${EXECDIR}/app/app-itau.apk</arg>
<doc>Opens a new application to given Appium server.
Capabilities of appium server, Android and iOS,
Please check https://github.com/appium/appium/blob/master/docs/en/writing-running-appium/server-args.md
| *Option*            | *Man.* | *Description*     |
| remote_url          | Yes    | Appium server url |
| alias               | no     | alias             |
| strict_ssl          | No     | allows you to send commands to an invalid certificate host like a self-signed one. |</doc>
<kw name="Capture Page Screenshot" library="AppiumLibrary">
<doc>Takes a screenshot of the current page and embeds it into the log.</doc>
<msg timestamp="20231124 17:32:57.696" level="FAIL">No application is open</msg>
<status status="FAIL" starttime="20231124 17:32:57.696" endtime="20231124 17:32:57.698"/>
</kw>
<msg timestamp="20231124 17:32:57.704" level="WARN">Keyword 'Capture Page Screenshot' could not be run on failure: No application is open</msg>
<msg timestamp="20231124 17:32:57.704" level="FAIL">WebDriverException: Message: An unknown server-side error occurred while processing the command. Original error: Cannot start the 'com.itau' application. Visit https://github.com/appium/appium/blob/master/docs/en/writing-running-appium/android/activity-startup.md for troubleshooting. Original error: Cannot start the 'com.itau' application. Visit https://github.com/appium/appium/blob/master/docs/en/writing-running-appium/android/activity-startup.md for troubleshooting. Original error: Activity name '.br.com.itau.pf.ui.activity.SplashActivity' used to start the app doesn't exist or cannot be launched! Make sure it exists and is a launchable activity
Stacktrace:
UnknownError: An unknown server-side error occurred while processing the command. Original error: Cannot start the 'com.itau' application. Visit https://github.com/appium/appium/blob/master/docs/en/writing-running-appium/android/activity-startup.md for troubleshooting. Original error: Cannot start the 'com.itau' application. Visit https://github.com/appium/appium/blob/master/docs/en/writing-running-appium/android/activity-startup.md for troubleshooting. Original error: Activity name '.br.com.itau.pf.ui.activity.SplashActivity' used to start the app doesn't exist or cannot be launched! Make sure it exists and is a launchable activity
    at getResponseForW3CError (/Applications/AppiumServer.app/Contents/Resources/app/node_modules/appium/node_modules/appium-base-driver/lib/protocol/errors.js:804:9)
    at asyncHandler (/Applications/AppiumServer.app/Contents/Resources/app/node_modules/appium/node_modules/appium-base-driver/lib/protocol/protocol.js:380:37)</msg>
<status status="FAIL" starttime="20231124 17:32:53.244" endtime="20231124 17:32:57.704"/>
</kw>
<kw name="Acessar Minha Conta" library="01-LoginPA">
<status status="NOT RUN" starttime="20231124 17:32:57.704" endtime="20231124 17:32:57.704"/>
</kw>
<kw name="Selecionar Ambiente" library="01-LoginPA">
<status status="NOT RUN" starttime="20231124 17:32:57.704" endtime="20231124 17:32:57.704"/>
</kw>
<status status="FAIL" starttime="20231124 17:32:53.244" endtime="20231124 17:32:57.704"/>
</kw>
<kw name="Fechar Aplicativo" library="base" type="TEARDOWN">
<kw name="Capture Page Screenshot" library="AppiumLibrary">
<doc>Takes a screenshot of the current page and embeds it into the log.</doc>
<kw name="Capture Page Screenshot" library="AppiumLibrary">
<doc>Takes a screenshot of the current page and embeds it into the log.</doc>
<msg timestamp="20231124 17:32:57.705" level="FAIL">No application is open</msg>
<status status="FAIL" starttime="20231124 17:32:57.705" endtime="20231124 17:32:57.705"/>
</kw>
<msg timestamp="20231124 17:32:57.707" level="WARN">Keyword 'Capture Page Screenshot' could not be run on failure: No application is open</msg>
<msg timestamp="20231124 17:32:57.708" level="FAIL">No application is open</msg>
<status status="FAIL" starttime="20231124 17:32:57.705" endtime="20231124 17:32:57.708"/>
</kw>
<kw name="Close Application" library="AppiumLibrary">
<doc>Closes the current application and also close webdriver session.</doc>
<kw name="Capture Page Screenshot" library="AppiumLibrary">
<doc>Takes a screenshot of the current page and embeds it into the log.</doc>
<msg timestamp="20231124 17:32:57.708" level="FAIL">No application is open</msg>
<status status="FAIL" starttime="20231124 17:32:57.708" endtime="20231124 17:32:57.708"/>
</kw>
<msg timestamp="20231124 17:32:57.711" level="WARN">Keyword 'Capture Page Screenshot' could not be run on failure: No application is open</msg>
<msg timestamp="20231124 17:32:57.711" level="FAIL">No application is open</msg>
<status status="FAIL" starttime="20231124 17:32:57.708" endtime="20231124 17:32:57.711"/>
</kw>
<status status="FAIL" starttime="20231124 17:32:57.704" endtime="20231124 17:32:57.711">Several failures occurred:

1) No application is open

2) No application is open</status>
</kw>
<tag>cenario2</tag>
<status status="FAIL" starttime="20231124 17:32:53.244" endtime="20231124 17:32:57.711">Setup failed:
WebDriverException: Message: An unknown server-side error occurred while processing the command. Original error: Cannot start the 'com.itau' application. Visit https://github.com/appium/appium/blob/master/docs/en/writing-running-appium/android/activity-startup.md for troubleshooting. Original error: Cannot start the 'com.itau' application. Visit https://github.com/appium/appium/blob/master/docs/en/writing-running-appium/android/activity-startup.md for troubleshooting. Original error: Activity name '.br.com.itau.pf.ui.activity.SplashActivity' used to start the app doesn't exist or cannot be launched! Make sure it exists and is a launchable activity
Stacktrace:
UnknownError: An unknown server-side error occurred while processing the command. Original error: Cannot start the 'com.itau' application. Visit https://github.com/appium/appium/blob/master/docs/en/writing-running-appium/android/activity-startup.md for troubleshooting. Original error: Cannot start the 'com.itau' application. Visit https://github.com/appium/appium/blob/master/docs/en/writing-running-appium/android/activity-startup.md for troubleshooting. Original error: Activity name '.br.com.itau.pf.ui.activity.SplashActivity' used to start the app doesn't exist or cannot be launched! Make sure it exists and is a launchable activity
    at getResponseForW3CError (/Applications/AppiumServer.app/Contents/Resources/app/node_modules/appium/node_modules/appium-base-driver/lib/protocol/errors.js:804:9)
    at asyncHandler (/Applications/AppiumServer.app/Contents/Resources/app/node_modules/appium/node_modules/appium-base-driver/lib/protocol/protocol.js:380:37)

Also teardown failed:
Several failures occurred:

1) No application is open

2) No application is open</status>
</test>
<test id="s1-t3" name="Cenario 03: Validar Informações do Header de Contas" line="29">
<kw name="Abrir Aplicativo" library="base" type="SETUP">
<kw name="Set Appium Timeout" library="AppiumLibrary">
<arg>20</arg>
<doc>Sets the timeout in seconds used by various keywords.</doc>
<status status="PASS" starttime="20231124 17:32:57.711" endtime="20231124 17:32:57.711"/>
</kw>
<kw name="Open Application" library="AppiumLibrary">
<arg>http://localhost:4723/wd/hub</arg>
<arg>automationName=uiAutomator2</arg>
<arg>platformName=Android</arg>
<arg>deviceName=0059001450</arg>
<arg>autoGrantPermissions=true</arg>
<arg>autoAcceptAlerts=true</arg>
<arg>noReset=true</arg>
<arg>fullReset=false</arg>
<arg>appPackage=com.itau</arg>
<arg>appActivity=br.com.itau.pf.ui.activity.SplashActivity</arg>
<arg>app=${EXECDIR}/app/app-itau.apk</arg>
<doc>Opens a new application to given Appium server.
Capabilities of appium server, Android and iOS,
Please check https://github.com/appium/appium/blob/master/docs/en/writing-running-appium/server-args.md
| *Option*            | *Man.* | *Description*     |
| remote_url          | Yes    | Appium server url |
| alias               | no     | alias             |
| strict_ssl          | No     | allows you to send commands to an invalid certificate host like a self-signed one. |</doc>
<kw name="Capture Page Screenshot" library="AppiumLibrary">
<doc>Takes a screenshot of the current page and embeds it into the log.</doc>
<msg timestamp="20231124 17:33:02.247" level="FAIL">No application is open</msg>
<status status="FAIL" starttime="20231124 17:33:02.247" endtime="20231124 17:33:02.248"/>
</kw>
<msg timestamp="20231124 17:33:02.255" level="WARN">Keyword 'Capture Page Screenshot' could not be run on failure: No application is open</msg>
<msg timestamp="20231124 17:33:02.255" level="FAIL">WebDriverException: Message: An unknown server-side error occurred while processing the command. Original error: Cannot start the 'com.itau' application. Visit https://github.com/appium/appium/blob/master/docs/en/writing-running-appium/android/activity-startup.md for troubleshooting. Original error: Cannot start the 'com.itau' application. Visit https://github.com/appium/appium/blob/master/docs/en/writing-running-appium/android/activity-startup.md for troubleshooting. Original error: Activity name '.br.com.itau.pf.ui.activity.SplashActivity' used to start the app doesn't exist or cannot be launched! Make sure it exists and is a launchable activity
Stacktrace:
UnknownError: An unknown server-side error occurred while processing the command. Original error: Cannot start the 'com.itau' application. Visit https://github.com/appium/appium/blob/master/docs/en/writing-running-appium/android/activity-startup.md for troubleshooting. Original error: Cannot start the 'com.itau' application. Visit https://github.com/appium/appium/blob/master/docs/en/writing-running-appium/android/activity-startup.md for troubleshooting. Original error: Activity name '.br.com.itau.pf.ui.activity.SplashActivity' used to start the app doesn't exist or cannot be launched! Make sure it exists and is a launchable activity
    at getResponseForW3CError (/Applications/AppiumServer.app/Contents/Resources/app/node_modules/appium/node_modules/appium-base-driver/lib/protocol/errors.js:804:9)
    at asyncHandler (/Applications/AppiumServer.app/Contents/Resources/app/node_modules/appium/node_modules/appium-base-driver/lib/protocol/protocol.js:380:37)</msg>
<status status="FAIL" starttime="20231124 17:32:57.711" endtime="20231124 17:33:02.256"/>
</kw>
<kw name="Acessar Minha Conta" library="01-LoginPA">
<status status="NOT RUN" starttime="20231124 17:33:02.256" endtime="20231124 17:33:02.256"/>
</kw>
<kw name="Selecionar Ambiente" library="01-LoginPA">
<status status="NOT RUN" starttime="20231124 17:33:02.256" endtime="20231124 17:33:02.256"/>
</kw>
<status status="FAIL" starttime="20231124 17:32:57.711" endtime="20231124 17:33:02.256"/>
</kw>
<kw name="Fechar Aplicativo" library="base" type="TEARDOWN">
<kw name="Capture Page Screenshot" library="AppiumLibrary">
<doc>Takes a screenshot of the current page and embeds it into the log.</doc>
<kw name="Capture Page Screenshot" library="AppiumLibrary">
<doc>Takes a screenshot of the current page and embeds it into the log.</doc>
<msg timestamp="20231124 17:33:02.256" level="FAIL">No application is open</msg>
<status status="FAIL" starttime="20231124 17:33:02.256" endtime="20231124 17:33:02.256"/>
</kw>
<msg timestamp="20231124 17:33:02.259" level="WARN">Keyword 'Capture Page Screenshot' could not be run on failure: No application is open</msg>
<msg timestamp="20231124 17:33:02.259" level="FAIL">No application is open</msg>
<status status="FAIL" starttime="20231124 17:33:02.256" endtime="20231124 17:33:02.259"/>
</kw>
<kw name="Close Application" library="AppiumLibrary">
<doc>Closes the current application and also close webdriver session.</doc>
<kw name="Capture Page Screenshot" library="AppiumLibrary">
<doc>Takes a screenshot of the current page and embeds it into the log.</doc>
<msg timestamp="20231124 17:33:02.259" level="FAIL">No application is open</msg>
<status status="FAIL" starttime="20231124 17:33:02.259" endtime="20231124 17:33:02.260"/>
</kw>
<msg timestamp="20231124 17:33:02.262" level="WARN">Keyword 'Capture Page Screenshot' could not be run on failure: No application is open</msg>
<msg timestamp="20231124 17:33:02.262" level="FAIL">No application is open</msg>
<status status="FAIL" starttime="20231124 17:33:02.259" endtime="20231124 17:33:02.262"/>
</kw>
<status status="FAIL" starttime="20231124 17:33:02.256" endtime="20231124 17:33:02.262">Several failures occurred:

1) No application is open

2) No application is open</status>
</kw>
<tag>cenario3</tag>
<status status="FAIL" starttime="20231124 17:32:57.711" endtime="20231124 17:33:02.263">Setup failed:
WebDriverException: Message: An unknown server-side error occurred while processing the command. Original error: Cannot start the 'com.itau' application. Visit https://github.com/appium/appium/blob/master/docs/en/writing-running-appium/android/activity-startup.md for troubleshooting. Original error: Cannot start the 'com.itau' application. Visit https://github.com/appium/appium/blob/master/docs/en/writing-running-appium/android/activity-startup.md for troubleshooting. Original error: Activity name '.br.com.itau.pf.ui.activity.SplashActivity' used to start the app doesn't exist or cannot be launched! Make sure it exists and is a launchable activity
Stacktrace:
UnknownError: An unknown server-side error occurred while processing the command. Original error: Cannot start the 'com.itau' application. Visit https://github.com/appium/appium/blob/master/docs/en/writing-running-appium/android/activity-startup.md for troubleshooting. Original error: Cannot start the 'com.itau' application. Visit https://github.com/appium/appium/blob/master/docs/en/writing-running-appium/android/activity-startup.md for troubleshooting. Original error: Activity name '.br.com.itau.pf.ui.activity.SplashActivity' used to start the app doesn't exist or cannot be launched! Make sure it exists and is a launchable activity
    at getResponseForW3CError (/Applications/AppiumServer.app/Contents/Resources/app/node_modules/appium/node_modules/appium-base-driver/lib/protocol/errors.js:804:9)
    at asyncHandler (/Applications/AppiumServer.app/Contents/Resources/app/node_modules/appium/node_modules/appium-base-driver/lib/protocol/protocol.js:380:37)

Also teardown failed:
Several failures occurred:

1) No application is open

2) No application is open</status>
</test>
<test id="s1-t4" name="Cenario 04: Exportar Extrato Timeline em PDF" line="36">
<kw name="Abrir Aplicativo" library="base" type="SETUP">
<kw name="Set Appium Timeout" library="AppiumLibrary">
<arg>20</arg>
<doc>Sets the timeout in seconds used by various keywords.</doc>
<status status="PASS" starttime="20231124 17:33:02.263" endtime="20231124 17:33:02.263"/>
</kw>
<kw name="Open Application" library="AppiumLibrary">
<arg>http://localhost:4723/wd/hub</arg>
<arg>automationName=uiAutomator2</arg>
<arg>platformName=Android</arg>
<arg>deviceName=0059001450</arg>
<arg>autoGrantPermissions=true</arg>
<arg>autoAcceptAlerts=true</arg>
<arg>noReset=true</arg>
<arg>fullReset=false</arg>
<arg>appPackage=com.itau</arg>
<arg>appActivity=br.com.itau.pf.ui.activity.SplashActivity</arg>
<arg>app=${EXECDIR}/app/app-itau.apk</arg>
<doc>Opens a new application to given Appium server.
Capabilities of appium server, Android and iOS,
Please check https://github.com/appium/appium/blob/master/docs/en/writing-running-appium/server-args.md
| *Option*            | *Man.* | *Description*     |
| remote_url          | Yes    | Appium server url |
| alias               | no     | alias             |
| strict_ssl          | No     | allows you to send commands to an invalid certificate host like a self-signed one. |</doc>
<kw name="Capture Page Screenshot" library="AppiumLibrary">
<doc>Takes a screenshot of the current page and embeds it into the log.</doc>
<msg timestamp="20231124 17:33:06.809" level="FAIL">No application is open</msg>
<status status="FAIL" starttime="20231124 17:33:06.809" endtime="20231124 17:33:06.810"/>
</kw>
<msg timestamp="20231124 17:33:06.818" level="WARN">Keyword 'Capture Page Screenshot' could not be run on failure: No application is open</msg>
<msg timestamp="20231124 17:33:06.818" level="FAIL">WebDriverException: Message: An unknown server-side error occurred while processing the command. Original error: Cannot start the 'com.itau' application. Visit https://github.com/appium/appium/blob/master/docs/en/writing-running-appium/android/activity-startup.md for troubleshooting. Original error: Cannot start the 'com.itau' application. Visit https://github.com/appium/appium/blob/master/docs/en/writing-running-appium/android/activity-startup.md for troubleshooting. Original error: Activity name '.br.com.itau.pf.ui.activity.SplashActivity' used to start the app doesn't exist or cannot be launched! Make sure it exists and is a launchable activity
Stacktrace:
UnknownError: An unknown server-side error occurred while processing the command. Original error: Cannot start the 'com.itau' application. Visit https://github.com/appium/appium/blob/master/docs/en/writing-running-appium/android/activity-startup.md for troubleshooting. Original error: Cannot start the 'com.itau' application. Visit https://github.com/appium/appium/blob/master/docs/en/writing-running-appium/android/activity-startup.md for troubleshooting. Original error: Activity name '.br.com.itau.pf.ui.activity.SplashActivity' used to start the app doesn't exist or cannot be launched! Make sure it exists and is a launchable activity
    at getResponseForW3CError (/Applications/AppiumServer.app/Contents/Resources/app/node_modules/appium/node_modules/appium-base-driver/lib/protocol/errors.js:804:9)
    at asyncHandler (/Applications/AppiumServer.app/Contents/Resources/app/node_modules/appium/node_modules/appium-base-driver/lib/protocol/protocol.js:380:37)</msg>
<status status="FAIL" starttime="20231124 17:33:02.263" endtime="20231124 17:33:06.819"/>
</kw>
<kw name="Acessar Minha Conta" library="01-LoginPA">
<status status="NOT RUN" starttime="20231124 17:33:06.820" endtime="20231124 17:33:06.820"/>
</kw>
<kw name="Selecionar Ambiente" library="01-LoginPA">
<status status="NOT RUN" starttime="20231124 17:33:06.820" endtime="20231124 17:33:06.820"/>
</kw>
<status status="FAIL" starttime="20231124 17:33:02.263" endtime="20231124 17:33:06.820"/>
</kw>
<kw name="Fechar Aplicativo" library="base" type="TEARDOWN">
<kw name="Capture Page Screenshot" library="AppiumLibrary">
<doc>Takes a screenshot of the current page and embeds it into the log.</doc>
<kw name="Capture Page Screenshot" library="AppiumLibrary">
<doc>Takes a screenshot of the current page and embeds it into the log.</doc>
<msg timestamp="20231124 17:33:06.821" level="FAIL">No application is open</msg>
<status status="FAIL" starttime="20231124 17:33:06.821" endtime="20231124 17:33:06.822"/>
</kw>
<msg timestamp="20231124 17:33:06.830" level="WARN">Keyword 'Capture Page Screenshot' could not be run on failure: No application is open</msg>
<msg timestamp="20231124 17:33:06.830" level="FAIL">No application is open</msg>
<status status="FAIL" starttime="20231124 17:33:06.821" endtime="20231124 17:33:06.830"/>
</kw>
<kw name="Close Application" library="AppiumLibrary">
<doc>Closes the current application and also close webdriver session.</doc>
<kw name="Capture Page Screenshot" library="AppiumLibrary">
<doc>Takes a screenshot of the current page and embeds it into the log.</doc>
<msg timestamp="20231124 17:33:06.831" level="FAIL">No application is open</msg>
<status status="FAIL" starttime="20231124 17:33:06.831" endtime="20231124 17:33:06.831"/>
</kw>
<msg timestamp="20231124 17:33:06.837" level="WARN">Keyword 'Capture Page Screenshot' could not be run on failure: No application is open</msg>
<msg timestamp="20231124 17:33:06.837" level="FAIL">No application is open</msg>
<status status="FAIL" starttime="20231124 17:33:06.831" endtime="20231124 17:33:06.837"/>
</kw>
<status status="FAIL" starttime="20231124 17:33:06.820" endtime="20231124 17:33:06.837">Several failures occurred:

1) No application is open

2) No application is open</status>
</kw>
<tag>cenario4</tag>
<status status="FAIL" starttime="20231124 17:33:02.263" endtime="20231124 17:33:06.838">Setup failed:
WebDriverException: Message: An unknown server-side error occurred while processing the command. Original error: Cannot start the 'com.itau' application. Visit https://github.com/appium/appium/blob/master/docs/en/writing-running-appium/android/activity-startup.md for troubleshooting. Original error: Cannot start the 'com.itau' application. Visit https://github.com/appium/appium/blob/master/docs/en/writing-running-appium/android/activity-startup.md for troubleshooting. Original error: Activity name '.br.com.itau.pf.ui.activity.SplashActivity' used to start the app doesn't exist or cannot be launched! Make sure it exists and is a launchable activity
Stacktrace:
UnknownError: An unknown server-side error occurred while processing the command. Original error: Cannot start the 'com.itau' application. Visit https://github.com/appium/appium/blob/master/docs/en/writing-running-appium/android/activity-startup.md for troubleshooting. Original error: Cannot start the 'com.itau' application. Visit https://github.com/appium/appium/blob/master/docs/en/writing-running-appium/android/activity-startup.md for troubleshooting. Original error: Activity name '.br.com.itau.pf.ui.activity.SplashActivity' used to start the app doesn't exist or cannot be launched! Make sure it exists and is a launchable activity
    at getResponseForW3CError (/Applications/AppiumServer.app/Contents/Resources/app/node_modules/appium/node_modules/appium-base-driver/lib/protocol/errors.js:804:9)
    at asyncHandler (/Applications/AppiumServer.app/Contents/Resources/app/node_modules/appium/node_modules/appium-base-driver/lib/protocol/protocol.js:380:37)

Also teardown failed:
Several failures occurred:

1) No application is open

2) No application is open</status>
</test>
<doc>Como usuário do SuperApp
Necessito validar os fluxos de consulta da timeline
E as funcionalidades devem corresponder com o perfil do cliente</doc>
<meta name="Author">thbatca</meta>
<meta name="Platform">Android</meta>
<meta name="Version">1.0.0.0</meta>
<status status="FAIL" starttime="20231124 17:32:48.639" endtime="20231124 17:33:06.838"/>
</suite>
<statistics>
<total>
<stat pass="0" fail="4" skip="0">All Tests</stat>
</total>
<tag>
<stat pass="0" fail="1" skip="0">cenario1</stat>
<stat pass="0" fail="1" skip="0">cenario2</stat>
<stat pass="0" fail="1" skip="0">cenario3</stat>
<stat pass="0" fail="1" skip="0">cenario4</stat>
</tag>
<suite>
<stat pass="0" fail="4" skip="0" id="s1" name="01-ValidarExtrato">01-ValidarExtrato</stat>
</suite>
</statistics>
<errors>
<msg timestamp="20231124 17:32:53.223" level="WARN">Keyword 'Capture Page Screenshot' could not be run on failure: No application is open</msg>
<msg timestamp="20231124 17:32:53.236" level="WARN">Keyword 'Capture Page Screenshot' could not be run on failure: No application is open</msg>
<msg timestamp="20231124 17:32:53.243" level="WARN">Keyword 'Capture Page Screenshot' could not be run on failure: No application is open</msg>
<msg timestamp="20231124 17:32:57.704" level="WARN">Keyword 'Capture Page Screenshot' could not be run on failure: No application is open</msg>
<msg timestamp="20231124 17:32:57.707" level="WARN">Keyword 'Capture Page Screenshot' could not be run on failure: No application is open</msg>
<msg timestamp="20231124 17:32:57.711" level="WARN">Keyword 'Capture Page Screenshot' could not be run on failure: No application is open</msg>
<msg timestamp="20231124 17:33:02.255" level="WARN">Keyword 'Capture Page Screenshot' could not be run on failure: No application is open</msg>
<msg timestamp="20231124 17:33:02.259" level="WARN">Keyword 'Capture Page Screenshot' could not be run on failure: No application is open</msg>
<msg timestamp="20231124 17:33:02.262" level="WARN">Keyword 'Capture Page Screenshot' could not be run on failure: No application is open</msg>
<msg timestamp="20231124 17:33:06.818" level="WARN">Keyword 'Capture Page Screenshot' could not be run on failure: No application is open</msg>
<msg timestamp="20231124 17:33:06.830" level="WARN">Keyword 'Capture Page Screenshot' could not be run on failure: No application is open</msg>
<msg timestamp="20231124 17:33:06.837" level="WARN">Keyword 'Capture Page Screenshot' could not be run on failure: No application is open</msg>
</errors>
</robot>
